Run ./gradle-4.10.1/bin/gradle sonarqube \

> Configure project :
org.gradle.api.plugins.HelpTasksPlugin@3bbb5641
org.gradle.language.base.plugins.LifecycleBasePlugin@4711b7b0
org.gradle.api.plugins.BasePlugin@12659bfe
org.gradle.api.plugins.ReportingBasePlugin@3eb398c0
org.gradle.api.plugins.JavaBasePlugin@5f5bd809
org.gradle.api.plugins.JavaPlugin@15bd4865
org.gradle.api.plugins.WarPlugin@2bb99b47
org.gradle.platform.base.plugins.ComponentBasePlugin@9ee6368
org.gradle.language.base.plugins.LanguageBasePlugin@8f479cc
org.gradle.platform.base.plugins.BinaryBasePlugin@77f5e6d7
org.gradle.api.plugins.JavaBasePluginRules@10f138cd
org.gradle.api.publish.plugins.PublishingPlugin@6afefc98
org.gradle.api.publish.maven.plugins.MavenPublishPlugin@416fd212
vr.plugin.ManifestClasspathPlugin@19f457b6
org.sonarqube.gradle.SonarQubePlugin@da2315
classpath:: file collection
archiveName:: smedigitalbank-1111.war

> Task :generateDAL NO-SOURCE
> Task :generateER NO-SOURCE
> Task :generateOpenAPI NO-SOURCE
> Task :generateService NO-SOURCE
> Task :generateTAO NO-SOURCE
> Task :generateVO NO-SOURCE
> Task :compileJava UP-TO-DATE
> Task :processResources UP-TO-DATE
> Task :classes UP-TO-DATE
> Task :compileTestJava NO-SOURCE
> Task :processTestResources NO-SOURCE
> Task :testClasses UP-TO-DATE
> Task :test NO-SOURCE

> Task :sonarqube FAILED
FAILURE: Build failed with an exception.

* What went wrong:
Execution failed for task ':sonarqube'.
> org/sonar/batch/bootstrapper/EnvironmentInformation has been compiled by a more recent version of the Java Runtime (class file version 55.0), this version of the Java Runtime only recognizes class file versions up to 52.0

* Try:
Run with --stacktrace option to get the stack trace. Run with --info or --debug option to get more log output. Run with --scan to get full insights.

* Get more help at https://help.gradle.org

Deprecated Gradle features were used in this build, making it incompatible with Gradle 5.0.

Use '--warning-mode all' to show the individual deprecation warnings.
See https://docs.gradle.org/4.10.1/userguide/command_line_interface.html#sec:command_line_warnings
BUILD FAILED in 4s
3 actionable tasks: 1 executed, 2 up-to-date
Error: Process completed with exit code 1.
